<?xml version="1.0" encoding="UTF-8"?>
<testng-results skipped="0" failed="0" total="1" passed="1">
  <reporter-output>
  </reporter-output>
  <suite name="Default suite" duration-ms="25509" started-at="2023-02-02T07:13:42Z" finished-at="2023-02-02T07:14:08Z">
    <groups>
    </groups>
    <test name="Default test" duration-ms="25509" started-at="2023-02-02T07:13:42Z" finished-at="2023-02-02T07:14:08Z">
      <class name="AlertPopup">
        <test-method status="PASS" signature="init()[pri:0, instance:AlertPopup@6ea6d14e]" name="init" is-config="true" duration-ms="5671" started-at="2023-02-02T01:13:42Z" finished-at="2023-02-02T01:13:48Z">
          <reporter-output>
          </reporter-output>
        </test-method> <!-- init -->
        <test-method status="PASS" signature="testAlertPopup()[pri:0, instance:AlertPopup@6ea6d14e]" name="testAlertPopup" duration-ms="3113" started-at="2023-02-02T01:13:48Z" finished-at="2023-02-02T01:13:51Z">
          <reporter-output>
          </reporter-output>
        </test-method> <!-- testAlertPopup -->
        <test-method status="PASS" signature="tearDown()[pri:0, instance:AlertPopup@6ea6d14e]" name="tearDown" is-config="true" duration-ms="16712" started-at="2023-02-02T01:13:51Z" finished-at="2023-02-02T01:14:08Z">
          <reporter-output>
          </reporter-output>
        </test-method> <!-- tearDown -->
      </class> <!-- AlertPopup -->
    </test> <!-- Default test -->
  </suite> <!-- Default suite -->
</testng-results>
